Build started 16.09.2018 18:09:14.
     1>Project "C:\Тесты в visual studio\Площадь треугольника\Площадь треугольника\Площадь треугольника.vcxproj" on node 2 (build target(s)).
     1>InitializeBuildStatus:
         Creating "Debug\Площадь треугольника.unsuccessfulbuild" because "AlwaysCreate" was specified.
       ClCompile:
         E:\Visual studio 2010\VC\bin\CL.exe /c /ZI /nologo /W3 /WX- /Od /Oy- /D WIN32 /D _DEBUG /D _CONSOLE /D _UNICODE /D UNICODE /Gm /EHsc /RTC1 /MDd /GS /fp:precise /Zc:wchar_t /Zc:forScope /Fo"Debug\\" /Fd"Debug\vc100.pdb" /Gd /TP /analyze- /errorReport:prompt Main.cpp
         Main.cpp
       ManifestResourceCompile:
         All outputs are up-to-date.
       Link:
         E:\Visual studio 2010\VC\bin\link.exe /ERRORREPORT:PROMPT /OUT:"C:\Тесты в visual studio\Площадь треугольника\Debug\Площадь треугольника.exe" /INCREMENTAL /NOLOGO kernel32.lib user32.lib gdi32.lib winspool.lib comdlg32.lib advapi32.lib shell32.lib ole32.lib oleaut32.lib uuid.lib odbc32.lib odbccp32.lib /MANIFEST /ManifestFile:"Debug\Площадь треугольника.exe.intermediate.manifest" /MANIFESTUAC:"level='asInvoker' uiAccess='false'" /DEBUG /PDB:"C:\Тесты в visual studio\Площадь треугольника\Debug\Площадь треугольника.pdb" /SUBSYSTEM:CONSOLE /TLBID:1 /DYNAMICBASE /NXCOMPAT /IMPLIB:"C:\Тесты в visual studio\Площадь треугольника\Debug\Площадь треугольника.lib" /MACHINE:X86 "Debug\Площадь треугольника.exe.embed.manifest.res"
         Debug\Main.obj
       Manifest:
         C:\Program Files (x86)\Microsoft SDKs\Windows\v7.0A\bin\mt.exe /nologo /verbose /out:"Debug\Площадь треугольника.exe.embed.manifest" /manifest "Debug\Площадь треугольника.exe.intermediate.manifest"
         All outputs are up-to-date.
       LinkEmbedManifest:
         All outputs are up-to-date.
         Площадь треугольника.vcxproj -> C:\Тесты в visual studio\Площадь треугольника\Debug\Площадь треугольника.exe
       FinalizeBuildStatus:
         Deleting file "Debug\Площадь треугольника.unsuccessfulbuild".
         Touching "Debug\Площадь треугольника.lastbuildstate".
     1>Done Building Project "C:\Тесты в visual studio\Площадь треугольника\Площадь треугольника\Площадь треугольника.vcxproj" (build target(s)).

Build succeeded.

Time Elapsed 00:00:00.44
